  [1m[36m (3.7ms)[0m  [1mCREATE TABLE "schema_migrations" ("version" varchar(255) NOT NULL) [0m
  [1m[35m (16.0ms)[0m  CREATE UNIQUE INDEX "unique_schema_migrations" ON "schema_migrations" ("version")
  [1m[36mActiveRecord::SchemaMigration Load (0.1ms)[0m  [1mSELECT "schema_migrations".* FROM "schema_migrations"[0m


Started GET "/" for 127.0.0.1 at 2015-03-24 10:36:48 -0600
Processing by HomeController#index as HTML
  Rendered home/index.html.erb within layouts/application (1.0ms)
Completed 200 OK in 102ms (Views: 88.9ms | ActiveRecord: 0.0ms)


Started GET "/assets/home.js?body=1" for 127.0.0.1 at 2015-03-24 10:36:48 -0600


Started GET "/assets/home.css?body=1" for 127.0.0.1 at 2015-03-24 10:36:48 -0600


Started GET "/assets/application.js?body=1" for 127.0.0.1 at 2015-03-24 10:36:48 -0600


Started GET "/assets/application.css?body=1" for 127.0.0.1 at 2015-03-24 10:36:48 -0600


Started GET "/assets/jquery.js?body=1" for 127.0.0.1 at 2015-03-24 10:36:48 -0600


Started GET "/assets/jquery_ujs.js?body=1" for 127.0.0.1 at 2015-03-24 10:36:48 -0600
  [1m[36m (54.1ms)[0m  [1mCREATE TABLE "schema_migrations" ("version" varchar(255) NOT NULL) [0m
  [1m[35m (4.3ms)[0m  CREATE UNIQUE INDEX "unique_schema_migrations" ON "schema_migrations" ("version")
  [1m[36mActiveRecord::SchemaMigration Load (0.1ms)[0m  [1mSELECT "schema_migrations".* FROM "schema_migrations"[0m
Migrating to DeviseCreateUsers (20150324165810)
  [1m[35m (0.1ms)[0m  begin transaction
  [1m[36m (0.3ms)[0m  [1mCREATE TABLE "users" ("id" INTEGER PRIMARY KEY AUTOINCREMENT NOT NULL, "email" varchar(255) DEFAULT '' NOT NULL, "encrypted_password" varchar(255) DEFAULT '' NOT NULL, "reset_password_token" varchar(255), "reset_password_sent_at" datetime, "remember_created_at" datetime, "sign_in_count" integer DEFAULT 0 NOT NULL, "current_sign_in_at" datetime, "last_sign_in_at" datetime, "current_sign_in_ip" varchar(255), "last_sign_in_ip" varchar(255), "name" varchar(255), "created_at" datetime, "updated_at" datetime) [0m
  [1m[35m (0.1ms)[0m  CREATE UNIQUE INDEX "index_users_on_email" ON "users" ("email")
  [1m[36m (0.1ms)[0m  [1mCREATE UNIQUE INDEX "index_users_on_reset_password_token" ON "users" ("reset_password_token")[0m
  [1m[35mSQL (0.2ms)[0m  INSERT INTO "schema_migrations" ("version") VALUES (?)  [["version", "20150324165810"]]
  [1m[36m (10.0ms)[0m  [1mcommit transaction[0m
  [1m[35mActiveRecord::SchemaMigration Load (0.1ms)[0m  SELECT "schema_migrations".* FROM "schema_migrations"


Started GET "/" for 127.0.0.1 at 2015-03-24 11:10:26 -0600
  [1m[36mActiveRecord::SchemaMigration Load (0.1ms)[0m  [1mSELECT "schema_migrations".* FROM "schema_migrations"[0m
Processing by HomeController#index as HTML
  Rendered home/index.html.erb within layouts/application (1.0ms)
Completed 200 OK in 40ms (Views: 27.5ms | ActiveRecord: 0.0ms)


Started GET "/javascripts/defaults.js" for 127.0.0.1 at 2015-03-24 11:10:26 -0600

ActionController::RoutingError (No route matches [GET] "/javascripts/defaults.js"):
  actionpack (4.0.2) lib/action_dispatch/middleware/debug_exceptions.rb:21:in `call'
  actionpack (4.0.2) lib/action_dispatch/middleware/show_exceptions.rb:30:in `call'
  railties (4.0.2) lib/rails/rack/logger.rb:38:in `call_app'
  railties (4.0.2) lib/rails/rack/logger.rb:20:in `block in call'
  activesupport (4.0.2) lib/active_support/tagged_logging.rb:67:in `block in tagged'
  activesupport (4.0.2) lib/active_support/tagged_logging.rb:25:in `tagged'
  activesupport (4.0.2) lib/active_support/tagged_logging.rb:67:in `tagged'
  railties (4.0.2) lib/rails/rack/logger.rb:20:in `call'
  actionpack (4.0.2) lib/action_dispatch/middleware/request_id.rb:21:in `call'
  rack (1.5.2) lib/rack/methodoverride.rb:21:in `call'
  rack (1.5.2) lib/rack/runtime.rb:17:in `call'
  activesupport (4.0.2) lib/active_support/cache/strategy/local_cache.rb:83:in `call'
  rack (1.5.2) lib/rack/lock.rb:17:in `call'
  actionpack (4.0.2) lib/action_dispatch/middleware/static.rb:64:in `call'
  rack (1.5.2) lib/rack/sendfile.rb:112:in `call'
  railties (4.0.2) lib/rails/engine.rb:511:in `call'
  railties (4.0.2) lib/rails/application.rb:97:in `call'
  rack (1.5.2) lib/rack/lock.rb:17:in `call'
  rack (1.5.2) lib/rack/content_length.rb:14:in `call'
  rack (1.5.2) lib/rack/handler/webrick.rb:60:in `service'
  /home/gamanox/.rvm/rubies/ruby-2.1.3/lib/ruby/2.1.0/webrick/httpserver.rb:138:in `service'
  /home/gamanox/.rvm/rubies/ruby-2.1.3/lib/ruby/2.1.0/webrick/httpserver.rb:94:in `run'
  /home/gamanox/.rvm/rubies/ruby-2.1.3/lib/ruby/2.1.0/webrick/server.rb:295:in `block in start_thread'


  Rendered /home/gamanox/.rvm/gems/ruby-2.1.3/gems/actionpack-4.0.2/lib/action_dispatch/middleware/templates/rescues/_trace.erb (0.7ms)
  Rendered /home/gamanox/.rvm/gems/ruby-2.1.3/gems/actionpack-4.0.2/lib/action_dispatch/middleware/templates/routes/_route.html.erb (1.2ms)
  Rendered /home/gamanox/.rvm/gems/ruby-2.1.3/gems/actionpack-4.0.2/lib/action_dispatch/middleware/templates/routes/_table.html.erb (21.9ms)
  Rendered /home/gamanox/.rvm/gems/ruby-2.1.3/gems/actionpack-4.0.2/lib/action_dispatch/middleware/templates/rescues/routing_error.erb within rescues/layout (54.4ms)


Started GET "/assets/application.css?body=1" for 127.0.0.1 at 2015-03-24 11:10:26 -0600


Started GET "/assets/home.css?body=1" for 127.0.0.1 at 2015-03-24 11:10:26 -0600


Started GET "/" for 127.0.0.1 at 2015-03-24 11:10:29 -0600
Processing by HomeController#index as HTML
  Rendered home/index.html.erb within layouts/application (0.1ms)
Completed 200 OK in 6ms (Views: 5.5ms | ActiveRecord: 0.0ms)


Started GET "/assets/application.css?body=1" for 127.0.0.1 at 2015-03-24 11:10:29 -0600


Started GET "/javascripts/defaults.js" for 127.0.0.1 at 2015-03-24 11:10:29 -0600

ActionController::RoutingError (No route matches [GET] "/javascripts/defaults.js"):
  actionpack (4.0.2) lib/action_dispatch/middleware/debug_exceptions.rb:21:in `call'
  actionpack (4.0.2) lib/action_dispatch/middleware/show_exceptions.rb:30:in `call'
  railties (4.0.2) lib/rails/rack/logger.rb:38:in `call_app'
  railties (4.0.2) lib/rails/rack/logger.rb:20:in `block in call'
  activesupport (4.0.2) lib/active_support/tagged_logging.rb:67:in `block in tagged'
  activesupport (4.0.2) lib/active_support/tagged_logging.rb:25:in `tagged'
  activesupport (4.0.2) lib/active_support/tagged_logging.rb:67:in `tagged'
  railties (4.0.2) lib/rails/rack/logger.rb:20:in `call'
  actionpack (4.0.2) lib/action_dispatch/middleware/request_id.rb:21:in `call'
  rack (1.5.2) lib/rack/methodoverride.rb:21:in `call'
  rack (1.5.2) lib/rack/runtime.rb:17:in `call'
  activesupport (4.0.2) lib/active_support/cache/strategy/local_cache.rb:83:in `call'
  rack (1.5.2) lib/rack/lock.rb:17:in `call'
  actionpack (4.0.2) lib/action_dispatch/middleware/static.rb:64:in `call'
  rack (1.5.2) lib/rack/sendfile.rb:112:in `call'
  railties (4.0.2) lib/rails/engine.rb:511:in `call'
  railties (4.0.2) lib/rails/application.rb:97:in `call'
  rack (1.5.2) lib/rack/lock.rb:17:in `call'
  rack (1.5.2) lib/rack/content_length.rb:14:in `call'
  rack (1.5.2) lib/rack/handler/webrick.rb:60:in `service'
  /home/gamanox/.rvm/rubies/ruby-2.1.3/lib/ruby/2.1.0/webrick/httpserver.rb:138:in `service'
  /home/gamanox/.rvm/rubies/ruby-2.1.3/lib/ruby/2.1.0/webrick/httpserver.rb:94:in `run'
  /home/gamanox/.rvm/rubies/ruby-2.1.3/lib/ruby/2.1.0/webrick/server.rb:295:in `block in start_thread'


  Rendered /home/gamanox/.rvm/gems/ruby-2.1.3/gems/actionpack-4.0.2/lib/action_dispatch/middleware/templates/rescues/_trace.erb (0.9ms)
  Rendered /home/gamanox/.rvm/gems/ruby-2.1.3/gems/actionpack-4.0.2/lib/action_dispatch/middleware/templates/routes/_route.html.erb (1.7ms)
  Rendered /home/gamanox/.rvm/gems/ruby-2.1.3/gems/actionpack-4.0.2/lib/action_dispatch/middleware/templates/routes/_table.html.erb (0.7ms)
  Rendered /home/gamanox/.rvm/gems/ruby-2.1.3/gems/actionpack-4.0.2/lib/action_dispatch/middleware/templates/rescues/routing_error.erb within rescues/layout (12.5ms)


Started GET "/assets/home.css?body=1" for 127.0.0.1 at 2015-03-24 11:10:29 -0600


Started GET "/users/signup" for 127.0.0.1 at 2015-03-24 11:11:01 -0600

ActionController::RoutingError (No route matches [GET] "/users/signup"):
  actionpack (4.0.2) lib/action_dispatch/middleware/debug_exceptions.rb:21:in `call'
  actionpack (4.0.2) lib/action_dispatch/middleware/show_exceptions.rb:30:in `call'
  railties (4.0.2) lib/rails/rack/logger.rb:38:in `call_app'
  railties (4.0.2) lib/rails/rack/logger.rb:20:in `block in call'
  activesupport (4.0.2) lib/active_support/tagged_logging.rb:67:in `block in tagged'
  activesupport (4.0.2) lib/active_support/tagged_logging.rb:25:in `tagged'
  activesupport (4.0.2) lib/active_support/tagged_logging.rb:67:in `tagged'
  railties (4.0.2) lib/rails/rack/logger.rb:20:in `call'
  actionpack (4.0.2) lib/action_dispatch/middleware/request_id.rb:21:in `call'
  rack (1.5.2) lib/rack/methodoverride.rb:21:in `call'
  rack (1.5.2) lib/rack/runtime.rb:17:in `call'
  activesupport (4.0.2) lib/active_support/cache/strategy/local_cache.rb:83:in `call'
  rack (1.5.2) lib/rack/lock.rb:17:in `call'
  actionpack (4.0.2) lib/action_dispatch/middleware/static.rb:64:in `call'
  rack (1.5.2) lib/rack/sendfile.rb:112:in `call'
  railties (4.0.2) lib/rails/engine.rb:511:in `call'
  railties (4.0.2) lib/rails/application.rb:97:in `call'
  rack (1.5.2) lib/rack/lock.rb:17:in `call'
  rack (1.5.2) lib/rack/content_length.rb:14:in `call'
  rack (1.5.2) lib/rack/handler/webrick.rb:60:in `service'
  /home/gamanox/.rvm/rubies/ruby-2.1.3/lib/ruby/2.1.0/webrick/httpserver.rb:138:in `service'
  /home/gamanox/.rvm/rubies/ruby-2.1.3/lib/ruby/2.1.0/webrick/httpserver.rb:94:in `run'
  /home/gamanox/.rvm/rubies/ruby-2.1.3/lib/ruby/2.1.0/webrick/server.rb:295:in `block in start_thread'


  Rendered /home/gamanox/.rvm/gems/ruby-2.1.3/gems/actionpack-4.0.2/lib/action_dispatch/middleware/templates/rescues/_trace.erb (0.7ms)
  Rendered /home/gamanox/.rvm/gems/ruby-2.1.3/gems/actionpack-4.0.2/lib/action_dispatch/middleware/templates/routes/_route.html.erb (1.7ms)
  Rendered /home/gamanox/.rvm/gems/ruby-2.1.3/gems/actionpack-4.0.2/lib/action_dispatch/middleware/templates/routes/_table.html.erb (0.7ms)
  Rendered /home/gamanox/.rvm/gems/ruby-2.1.3/gems/actionpack-4.0.2/lib/action_dispatch/middleware/templates/rescues/routing_error.erb within rescues/layout (14.8ms)


Started GET "/users/sign_up" for 127.0.0.1 at 2015-03-24 11:11:28 -0600
Processing by Devise::RegistrationsController#new as HTML
  Rendered devise/shared/_links.html.erb (0.9ms)
  Rendered devise/registrations/new.html.erb within layouts/application (60.6ms)
Completed 200 OK in 73ms (Views: 66.1ms | ActiveRecord: 0.5ms)


Started GET "/assets/home.css?body=1" for 127.0.0.1 at 2015-03-24 11:11:28 -0600


Started GET "/javascripts/defaults.js" for 127.0.0.1 at 2015-03-24 11:11:28 -0600

ActionController::RoutingError (No route matches [GET] "/javascripts/defaults.js"):
  actionpack (4.0.2) lib/action_dispatch/middleware/debug_exceptions.rb:21:in `call'
  actionpack (4.0.2) lib/action_dispatch/middleware/show_exceptions.rb:30:in `call'
  railties (4.0.2) lib/rails/rack/logger.rb:38:in `call_app'
  railties (4.0.2) lib/rails/rack/logger.rb:20:in `block in call'
  activesupport (4.0.2) lib/active_support/tagged_logging.rb:67:in `block in tagged'
  activesupport (4.0.2) lib/active_support/tagged_logging.rb:25:in `tagged'
  activesupport (4.0.2) lib/active_support/tagged_logging.rb:67:in `tagged'
  railties (4.0.2) lib/rails/rack/logger.rb:20:in `call'
  actionpack (4.0.2) lib/action_dispatch/middleware/request_id.rb:21:in `call'
  rack (1.5.2) lib/rack/methodoverride.rb:21:in `call'
  rack (1.5.2) lib/rack/runtime.rb:17:in `call'
  activesupport (4.0.2) lib/active_support/cache/strategy/local_cache.rb:83:in `call'
  rack (1.5.2) lib/rack/lock.rb:17:in `call'
  actionpack (4.0.2) lib/action_dispatch/middleware/static.rb:64:in `call'
  rack (1.5.2) lib/rack/sendfile.rb:112:in `call'
  railties (4.0.2) lib/rails/engine.rb:511:in `call'
  railties (4.0.2) lib/rails/application.rb:97:in `call'
  rack (1.5.2) lib/rack/lock.rb:17:in `call'
  rack (1.5.2) lib/rack/content_length.rb:14:in `call'
  rack (1.5.2) lib/rack/handler/webrick.rb:60:in `service'
  /home/gamanox/.rvm/rubies/ruby-2.1.3/lib/ruby/2.1.0/webrick/httpserver.rb:138:in `service'
  /home/gamanox/.rvm/rubies/ruby-2.1.3/lib/ruby/2.1.0/webrick/httpserver.rb:94:in `run'
  /home/gamanox/.rvm/rubies/ruby-2.1.3/lib/ruby/2.1.0/webrick/server.rb:295:in `block in start_thread'


  Rendered /home/gamanox/.rvm/gems/ruby-2.1.3/gems/actionpack-4.0.2/lib/action_dispatch/middleware/templates/rescues/_trace.erb (0.9ms)
  Rendered /home/gamanox/.rvm/gems/ruby-2.1.3/gems/actionpack-4.0.2/lib/action_dispatch/middleware/templates/routes/_route.html.erb (1.4ms)
  Rendered /home/gamanox/.rvm/gems/ruby-2.1.3/gems/actionpack-4.0.2/lib/action_dispatch/middleware/templates/routes/_table.html.erb (0.4ms)
  Rendered /home/gamanox/.rvm/gems/ruby-2.1.3/gems/actionpack-4.0.2/lib/action_dispatch/middleware/templates/rescues/routing_error.erb within rescues/layout (12.2ms)


Started GET "/assets/application.css?body=1" for 127.0.0.1 at 2015-03-24 11:11:28 -0600
